c:\Projects\MyWeb\WebApp\dist\out-tsc\src\app\app.component.js
c:\Projects\MyWeb\WebApp\dist\out-tsc\src\app\app.component.js.map
c:\Projects\MyWeb\WebApp\dist\out-tsc\src\app\classes\Archive.js
c:\Projects\MyWeb\WebApp\dist\out-tsc\src\app\classes\Archive.js.map
c:\Projects\MyWeb\WebApp\dist\out-tsc\src\app\services\weather.js
c:\Projects\MyWeb\WebApp\dist\out-tsc\src\app\services\weather.js.map
c:\Projects\MyWeb\WebApp\dist\out-tsc\src\app\classes\GraphSet.js
c:\Projects\MyWeb\WebApp\dist\out-tsc\src\app\classes\GraphSet.js.map
c:\Projects\MyWeb\WebApp\dist\out-tsc\src\app\weather-chart\weather-chart.component.js
c:\Projects\MyWeb\WebApp\dist\out-tsc\src\app\weather-chart\weather-chart.component.js.map
c:\Projects\MyWeb\WebApp\dist\out-tsc\src\app\classes\Current.js
c:\Projects\MyWeb\WebApp\dist\out-tsc\src\app\classes\Current.js.map
c:\Projects\MyWeb\WebApp\dist\out-tsc\src\app\live-weather\live-weather.component.js
c:\Projects\MyWeb\WebApp\dist\out-tsc\src\app\live-weather\live-weather.component.js.map
c:\Projects\MyWeb\WebApp\dist\out-tsc\src\app\services\utility.js
c:\Projects\MyWeb\WebApp\dist\out-tsc\src\app\services\utility.js.map
c:\Projects\MyWeb\WebApp\dist\out-tsc\src\app\json-grid\json-grid.component.js
c:\Projects\MyWeb\WebApp\dist\out-tsc\src\app\json-grid\json-grid.component.js.map
c:\Projects\MyWeb\WebApp\dist\out-tsc\src\app\dashboard\dashboard.component.js
c:\Projects\MyWeb\WebApp\dist\out-tsc\src\app\dashboard\dashboard.component.js.map
c:\Projects\MyWeb\WebApp\dist\out-tsc\src\app\automation\automation.component.js
c:\Projects\MyWeb\WebApp\dist\out-tsc\src\app\automation\automation.component.js.map
c:\Projects\MyWeb\WebApp\dist\out-tsc\src\app\app.module.js
c:\Projects\MyWeb\WebApp\dist\out-tsc\src\app\app.module.js.map
c:\Projects\MyWeb\WebApp\dist\out-tsc\src\environments\environment.js
c:\Projects\MyWeb\WebApp\dist\out-tsc\src\environments\environment.js.map
c:\Projects\MyWeb\WebApp\dist\out-tsc\src\main.js
c:\Projects\MyWeb\WebApp\dist\out-tsc\src\main.js.map
c:\Projects\MyWeb\WebApp\dist\out-tsc\src\polyfills.js
c:\Projects\MyWeb\WebApp\dist\out-tsc\src\polyfills.js.map
c:\Projects\MyWeb\WebApp\dist\out-tsc\src\test.js
c:\Projects\MyWeb\WebApp\dist\out-tsc\src\test.js.map
c:\Projects\MyWeb\WebApp\dist\out-tsc\src\environments\environment.prod.js
c:\Projects\MyWeb\WebApp\dist\out-tsc\src\environments\environment.prod.js.map
c:\Projects\MyWeb\WebApp\dist\out-tsc\src\app\app.component.spec.js
c:\Projects\MyWeb\WebApp\dist\out-tsc\src\app\app.component.spec.js.map
c:\Projects\MyWeb\WebApp\dist\out-tsc\src\app\weather-chart\weather-chart.component.spec.js
c:\Projects\MyWeb\WebApp\dist\out-tsc\src\app\weather-chart\weather-chart.component.spec.js.map
c:\Projects\MyWeb\WebApp\dist\out-tsc\src\app\live-weather\live-weather.component.spec.js
c:\Projects\MyWeb\WebApp\dist\out-tsc\src\app\live-weather\live-weather.component.spec.js.map
c:\Projects\MyWeb\WebApp\dist\out-tsc\src\app\json-grid\json-grid.component.spec.js
c:\Projects\MyWeb\WebApp\dist\out-tsc\src\app\json-grid\json-grid.component.spec.js.map
c:\Projects\MyWeb\WebApp\dist\out-tsc\src\app\dashboard\dashboard.component.spec.js
c:\Projects\MyWeb\WebApp\dist\out-tsc\src\app\dashboard\dashboard.component.spec.js.map
c:\Projects\MyWeb\WebApp\dist\out-tsc\src\app\classes\HiLows.js
c:\Projects\MyWeb\WebApp\dist\out-tsc\src\app\classes\HiLows.js.map
c:\Projects\MyWeb\WebApp\dist\out-tsc\src\app\automation\automation.component.spec.js
c:\Projects\MyWeb\WebApp\dist\out-tsc\src\app\automation\automation.component.spec.js.map
c:\Projects\MyWeb\WebApp\dist\out-tsc\e2e\app.po.js
c:\Projects\MyWeb\WebApp\dist\out-tsc\e2e\app.po.js.map
c:\Projects\MyWeb\WebApp\dist\out-tsc\e2e\app.e2e-spec.js
c:\Projects\MyWeb\WebApp\dist\out-tsc\e2e\app.e2e-spec.js.map
C:\Projects\MyWeb\WebApp\dist\out-tsc\src\app\app.component.js
C:\Projects\MyWeb\WebApp\dist\out-tsc\src\app\app.component.js.map
C:\Projects\MyWeb\WebApp\dist\out-tsc\src\app\classes\Archive.js
C:\Projects\MyWeb\WebApp\dist\out-tsc\src\app\classes\Archive.js.map
C:\Projects\MyWeb\WebApp\dist\out-tsc\src\app\services\weather.js
C:\Projects\MyWeb\WebApp\dist\out-tsc\src\app\services\weather.js.map
C:\Projects\MyWeb\WebApp\dist\out-tsc\src\app\classes\GraphSet.js
C:\Projects\MyWeb\WebApp\dist\out-tsc\src\app\classes\GraphSet.js.map
C:\Projects\MyWeb\WebApp\dist\out-tsc\src\app\weather-chart\weather-chart.component.js
C:\Projects\MyWeb\WebApp\dist\out-tsc\src\app\weather-chart\weather-chart.component.js.map
C:\Projects\MyWeb\WebApp\dist\out-tsc\src\app\classes\Current.js
C:\Projects\MyWeb\WebApp\dist\out-tsc\src\app\classes\Current.js.map
C:\Projects\MyWeb\WebApp\dist\out-tsc\src\app\live-weather\live-weather.component.js
C:\Projects\MyWeb\WebApp\dist\out-tsc\src\app\live-weather\live-weather.component.js.map
C:\Projects\MyWeb\WebApp\dist\out-tsc\src\app\services\utility.js
C:\Projects\MyWeb\WebApp\dist\out-tsc\src\app\services\utility.js.map
C:\Projects\MyWeb\WebApp\dist\out-tsc\src\app\json-grid\json-grid.component.js
C:\Projects\MyWeb\WebApp\dist\out-tsc\src\app\json-grid\json-grid.component.js.map
C:\Projects\MyWeb\WebApp\dist\out-tsc\src\app\dashboard\dashboard.component.js
C:\Projects\MyWeb\WebApp\dist\out-tsc\src\app\dashboard\dashboard.component.js.map
C:\Projects\MyWeb\WebApp\dist\out-tsc\src\app\automation\automation.component.js
C:\Projects\MyWeb\WebApp\dist\out-tsc\src\app\automation\automation.component.js.map
C:\Projects\MyWeb\WebApp\dist\out-tsc\src\app\app.module.js
C:\Projects\MyWeb\WebApp\dist\out-tsc\src\app\app.module.js.map
C:\Projects\MyWeb\WebApp\dist\out-tsc\src\environments\environment.js
C:\Projects\MyWeb\WebApp\dist\out-tsc\src\environments\environment.js.map
C:\Projects\MyWeb\WebApp\dist\out-tsc\src\main.js
C:\Projects\MyWeb\WebApp\dist\out-tsc\src\main.js.map
C:\Projects\MyWeb\WebApp\dist\out-tsc\src\polyfills.js
C:\Projects\MyWeb\WebApp\dist\out-tsc\src\polyfills.js.map
C:\Projects\MyWeb\WebApp\dist\out-tsc\src\test.js
C:\Projects\MyWeb\WebApp\dist\out-tsc\src\test.js.map
C:\Projects\MyWeb\WebApp\dist\out-tsc\src\environments\environment.prod.js
C:\Projects\MyWeb\WebApp\dist\out-tsc\src\environments\environment.prod.js.map
C:\Projects\MyWeb\WebApp\dist\out-tsc\src\app\app.component.spec.js
C:\Projects\MyWeb\WebApp\dist\out-tsc\src\app\app.component.spec.js.map
C:\Projects\MyWeb\WebApp\dist\out-tsc\src\app\weather-chart\weather-chart.component.spec.js
C:\Projects\MyWeb\WebApp\dist\out-tsc\src\app\weather-chart\weather-chart.component.spec.js.map
C:\Projects\MyWeb\WebApp\dist\out-tsc\src\app\live-weather\live-weather.component.spec.js
C:\Projects\MyWeb\WebApp\dist\out-tsc\src\app\live-weather\live-weather.component.spec.js.map
C:\Projects\MyWeb\WebApp\dist\out-tsc\src\app\json-grid\json-grid.component.spec.js
C:\Projects\MyWeb\WebApp\dist\out-tsc\src\app\json-grid\json-grid.component.spec.js.map
C:\Projects\MyWeb\WebApp\dist\out-tsc\src\app\dashboard\dashboard.component.spec.js
C:\Projects\MyWeb\WebApp\dist\out-tsc\src\app\dashboard\dashboard.component.spec.js.map
C:\Projects\MyWeb\WebApp\dist\out-tsc\src\app\classes\HiLows.js
C:\Projects\MyWeb\WebApp\dist\out-tsc\src\app\classes\HiLows.js.map
C:\Projects\MyWeb\WebApp\dist\out-tsc\src\app\automation\automation.component.spec.js
C:\Projects\MyWeb\WebApp\dist\out-tsc\src\app\automation\automation.component.spec.js.map
C:\Projects\MyWeb\WebApp\dist\out-tsc\e2e\app.po.js
C:\Projects\MyWeb\WebApp\dist\out-tsc\e2e\app.po.js.map
C:\Projects\MyWeb\WebApp\dist\out-tsc\e2e\app.e2e-spec.js
C:\Projects\MyWeb\WebApp\dist\out-tsc\e2e\app.e2e-spec.js.map
C:\Projects\MyWeb\WebApp\dist\out-tsc\src\app\app.component.js
C:\Projects\MyWeb\WebApp\dist\out-tsc\src\app\app.component.js.map
C:\Projects\MyWeb\WebApp\dist\out-tsc\src\app\classes\Archive.js
C:\Projects\MyWeb\WebApp\dist\out-tsc\src\app\classes\Archive.js.map
C:\Projects\MyWeb\WebApp\dist\out-tsc\src\app\services\weather.js
C:\Projects\MyWeb\WebApp\dist\out-tsc\src\app\services\weather.js.map
C:\Projects\MyWeb\WebApp\dist\out-tsc\src\app\classes\GraphSet.js
C:\Projects\MyWeb\WebApp\dist\out-tsc\src\app\classes\GraphSet.js.map
C:\Projects\MyWeb\WebApp\dist\out-tsc\src\app\weather-chart\weather-chart.component.js
C:\Projects\MyWeb\WebApp\dist\out-tsc\src\app\weather-chart\weather-chart.component.js.map
C:\Projects\MyWeb\WebApp\dist\out-tsc\src\app\classes\Current.js
C:\Projects\MyWeb\WebApp\dist\out-tsc\src\app\classes\Current.js.map
C:\Projects\MyWeb\WebApp\dist\out-tsc\src\app\live-weather\live-weather.component.js
C:\Projects\MyWeb\WebApp\dist\out-tsc\src\app\live-weather\live-weather.component.js.map
C:\Projects\MyWeb\WebApp\dist\out-tsc\src\app\services\utility.js
C:\Projects\MyWeb\WebApp\dist\out-tsc\src\app\services\utility.js.map
C:\Projects\MyWeb\WebApp\dist\out-tsc\src\app\json-grid\json-grid.component.js
C:\Projects\MyWeb\WebApp\dist\out-tsc\src\app\json-grid\json-grid.component.js.map
C:\Projects\MyWeb\WebApp\dist\out-tsc\src\app\dashboard\dashboard.component.js
C:\Projects\MyWeb\WebApp\dist\out-tsc\src\app\dashboard\dashboard.component.js.map
C:\Projects\MyWeb\WebApp\dist\out-tsc\src\app\automation\automation.component.js
C:\Projects\MyWeb\WebApp\dist\out-tsc\src\app\automation\automation.component.js.map
C:\Projects\MyWeb\WebApp\dist\out-tsc\src\app\app.module.js
C:\Projects\MyWeb\WebApp\dist\out-tsc\src\app\app.module.js.map
C:\Projects\MyWeb\WebApp\dist\out-tsc\src\environments\environment.js
C:\Projects\MyWeb\WebApp\dist\out-tsc\src\environments\environment.js.map
C:\Projects\MyWeb\WebApp\dist\out-tsc\src\main.js
C:\Projects\MyWeb\WebApp\dist\out-tsc\src\main.js.map
C:\Projects\MyWeb\WebApp\dist\out-tsc\src\polyfills.js
C:\Projects\MyWeb\WebApp\dist\out-tsc\src\polyfills.js.map
C:\Projects\MyWeb\WebApp\dist\out-tsc\src\test.js
C:\Projects\MyWeb\WebApp\dist\out-tsc\src\test.js.map
C:\Projects\MyWeb\WebApp\dist\out-tsc\src\environments\environment.prod.js
C:\Projects\MyWeb\WebApp\dist\out-tsc\src\environments\environment.prod.js.map
C:\Projects\MyWeb\WebApp\dist\out-tsc\src\app\app.component.spec.js
C:\Projects\MyWeb\WebApp\dist\out-tsc\src\app\app.component.spec.js.map
C:\Projects\MyWeb\WebApp\dist\out-tsc\src\app\weather-chart\weather-chart.component.spec.js
C:\Projects\MyWeb\WebApp\dist\out-tsc\src\app\weather-chart\weather-chart.component.spec.js.map
C:\Projects\MyWeb\WebApp\dist\out-tsc\src\app\live-weather\live-weather.component.spec.js
C:\Projects\MyWeb\WebApp\dist\out-tsc\src\app\live-weather\live-weather.component.spec.js.map
C:\Projects\MyWeb\WebApp\dist\out-tsc\src\app\json-grid\json-grid.component.spec.js
C:\Projects\MyWeb\WebApp\dist\out-tsc\src\app\json-grid\json-grid.component.spec.js.map
C:\Projects\MyWeb\WebApp\dist\out-tsc\src\app\dashboard\dashboard.component.spec.js
C:\Projects\MyWeb\WebApp\dist\out-tsc\src\app\dashboard\dashboard.component.spec.js.map
C:\Projects\MyWeb\WebApp\dist\out-tsc\src\app\classes\HiLows.js
C:\Projects\MyWeb\WebApp\dist\out-tsc\src\app\classes\HiLows.js.map
C:\Projects\MyWeb\WebApp\dist\out-tsc\src\app\automation\automation.component.spec.js
C:\Projects\MyWeb\WebApp\dist\out-tsc\src\app\automation\automation.component.spec.js.map
C:\Projects\MyWeb\WebApp\dist\out-tsc\e2e\app.po.js
C:\Projects\MyWeb\WebApp\dist\out-tsc\e2e\app.po.js.map
C:\Projects\MyWeb\WebApp\dist\out-tsc\e2e\app.e2e-spec.js
C:\Projects\MyWeb\WebApp\dist\out-tsc\e2e\app.e2e-spec.js.map
C:\Projects\MyWeb\WebApp\dist\out-tsc\src\app\app.component.js
C:\Projects\MyWeb\WebApp\dist\out-tsc\src\app\app.component.js.map
C:\Projects\MyWeb\WebApp\dist\out-tsc\src\app\classes\Archive.js
C:\Projects\MyWeb\WebApp\dist\out-tsc\src\app\classes\Archive.js.map
C:\Projects\MyWeb\WebApp\dist\out-tsc\src\app\services\weather.js
C:\Projects\MyWeb\WebApp\dist\out-tsc\src\app\services\weather.js.map
C:\Projects\MyWeb\WebApp\dist\out-tsc\src\app\classes\GraphSet.js
C:\Projects\MyWeb\WebApp\dist\out-tsc\src\app\classes\GraphSet.js.map
C:\Projects\MyWeb\WebApp\dist\out-tsc\src\app\weather-chart\weather-chart.component.js
C:\Projects\MyWeb\WebApp\dist\out-tsc\src\app\weather-chart\weather-chart.component.js.map
C:\Projects\MyWeb\WebApp\dist\out-tsc\src\app\classes\Current.js
C:\Projects\MyWeb\WebApp\dist\out-tsc\src\app\classes\Current.js.map
C:\Projects\MyWeb\WebApp\dist\out-tsc\src\app\live-weather\live-weather.component.js
C:\Projects\MyWeb\WebApp\dist\out-tsc\src\app\live-weather\live-weather.component.js.map
C:\Projects\MyWeb\WebApp\dist\out-tsc\src\app\services\utility.js
C:\Projects\MyWeb\WebApp\dist\out-tsc\src\app\services\utility.js.map
C:\Projects\MyWeb\WebApp\dist\out-tsc\src\app\json-grid\json-grid.component.js
C:\Projects\MyWeb\WebApp\dist\out-tsc\src\app\json-grid\json-grid.component.js.map
C:\Projects\MyWeb\WebApp\dist\out-tsc\src\app\dashboard\dashboard.component.js
C:\Projects\MyWeb\WebApp\dist\out-tsc\src\app\dashboard\dashboard.component.js.map
C:\Projects\MyWeb\WebApp\dist\out-tsc\src\app\automation\automation.component.js
C:\Projects\MyWeb\WebApp\dist\out-tsc\src\app\automation\automation.component.js.map
C:\Projects\MyWeb\WebApp\dist\out-tsc\src\app\app.module.js
C:\Projects\MyWeb\WebApp\dist\out-tsc\src\app\app.module.js.map
C:\Projects\MyWeb\WebApp\dist\out-tsc\src\environments\environment.js
C:\Projects\MyWeb\WebApp\dist\out-tsc\src\environments\environment.js.map
C:\Projects\MyWeb\WebApp\dist\out-tsc\src\main.js
C:\Projects\MyWeb\WebApp\dist\out-tsc\src\main.js.map
C:\Projects\MyWeb\WebApp\dist\out-tsc\src\polyfills.js
C:\Projects\MyWeb\WebApp\dist\out-tsc\src\polyfills.js.map
C:\Projects\MyWeb\WebApp\dist\out-tsc\src\test.js
C:\Projects\MyWeb\WebApp\dist\out-tsc\src\test.js.map
C:\Projects\MyWeb\WebApp\dist\out-tsc\src\environments\environment.prod.js
C:\Projects\MyWeb\WebApp\dist\out-tsc\src\environments\environment.prod.js.map
C:\Projects\MyWeb\WebApp\dist\out-tsc\src\app\app.component.spec.js
C:\Projects\MyWeb\WebApp\dist\out-tsc\src\app\app.component.spec.js.map
C:\Projects\MyWeb\WebApp\dist\out-tsc\src\app\weather-chart\weather-chart.component.spec.js
C:\Projects\MyWeb\WebApp\dist\out-tsc\src\app\weather-chart\weather-chart.component.spec.js.map
C:\Projects\MyWeb\WebApp\dist\out-tsc\src\app\live-weather\live-weather.component.spec.js
C:\Projects\MyWeb\WebApp\dist\out-tsc\src\app\live-weather\live-weather.component.spec.js.map
C:\Projects\MyWeb\WebApp\dist\out-tsc\src\app\json-grid\json-grid.component.spec.js
C:\Projects\MyWeb\WebApp\dist\out-tsc\src\app\json-grid\json-grid.component.spec.js.map
C:\Projects\MyWeb\WebApp\dist\out-tsc\src\app\dashboard\dashboard.component.spec.js
C:\Projects\MyWeb\WebApp\dist\out-tsc\src\app\dashboard\dashboard.component.spec.js.map
C:\Projects\MyWeb\WebApp\dist\out-tsc\src\app\classes\HiLows.js
C:\Projects\MyWeb\WebApp\dist\out-tsc\src\app\classes\HiLows.js.map
C:\Projects\MyWeb\WebApp\dist\out-tsc\src\app\automation\automation.component.spec.js
C:\Projects\MyWeb\WebApp\dist\out-tsc\src\app\automation\automation.component.spec.js.map
C:\Projects\MyWeb\WebApp\dist\out-tsc\e2e\app.po.js
C:\Projects\MyWeb\WebApp\dist\out-tsc\e2e\app.po.js.map
C:\Projects\MyWeb\WebApp\dist\out-tsc\e2e\app.e2e-spec.js
C:\Projects\MyWeb\WebApp\dist\out-tsc\e2e\app.e2e-spec.js.map
c:\Projects\MyWeb\WebApp\dist\out-tsc\src\app\app.component.js
c:\Projects\MyWeb\WebApp\dist\out-tsc\src\app\app.component.js.map
c:\Projects\MyWeb\WebApp\dist\out-tsc\src\app\classes\Archive.js
c:\Projects\MyWeb\WebApp\dist\out-tsc\src\app\classes\Archive.js.map
c:\Projects\MyWeb\WebApp\dist\out-tsc\src\app\services\weather.js
c:\Projects\MyWeb\WebApp\dist\out-tsc\src\app\services\weather.js.map
c:\Projects\MyWeb\WebApp\dist\out-tsc\src\app\classes\GraphSet.js
c:\Projects\MyWeb\WebApp\dist\out-tsc\src\app\classes\GraphSet.js.map
c:\Projects\MyWeb\WebApp\dist\out-tsc\src\app\weather-chart\weather-chart.component.js
c:\Projects\MyWeb\WebApp\dist\out-tsc\src\app\weather-chart\weather-chart.component.js.map
c:\Projects\MyWeb\WebApp\dist\out-tsc\src\app\classes\Current.js
c:\Projects\MyWeb\WebApp\dist\out-tsc\src\app\classes\Current.js.map
c:\Projects\MyWeb\WebApp\dist\out-tsc\src\app\live-weather\live-weather.component.js
c:\Projects\MyWeb\WebApp\dist\out-tsc\src\app\live-weather\live-weather.component.js.map
c:\Projects\MyWeb\WebApp\dist\out-tsc\src\app\services\utility.js
c:\Projects\MyWeb\WebApp\dist\out-tsc\src\app\services\utility.js.map
c:\Projects\MyWeb\WebApp\dist\out-tsc\src\app\json-grid\json-grid.component.js
c:\Projects\MyWeb\WebApp\dist\out-tsc\src\app\json-grid\json-grid.component.js.map
c:\Projects\MyWeb\WebApp\dist\out-tsc\src\app\dashboard\dashboard.component.js
c:\Projects\MyWeb\WebApp\dist\out-tsc\src\app\dashboard\dashboard.component.js.map
c:\Projects\MyWeb\WebApp\dist\out-tsc\src\app\automation\automation.component.js
c:\Projects\MyWeb\WebApp\dist\out-tsc\src\app\automation\automation.component.js.map
c:\Projects\MyWeb\WebApp\dist\out-tsc\src\app\app.module.js
c:\Projects\MyWeb\WebApp\dist\out-tsc\src\app\app.module.js.map
c:\Projects\MyWeb\WebApp\dist\out-tsc\src\environments\environment.js
c:\Projects\MyWeb\WebApp\dist\out-tsc\src\environments\environment.js.map
c:\Projects\MyWeb\WebApp\dist\out-tsc\src\main.js
c:\Projects\MyWeb\WebApp\dist\out-tsc\src\main.js.map
c:\Projects\MyWeb\WebApp\dist\out-tsc\src\polyfills.js
c:\Projects\MyWeb\WebApp\dist\out-tsc\src\polyfills.js.map
c:\Projects\MyWeb\WebApp\dist\out-tsc\src\test.js
c:\Projects\MyWeb\WebApp\dist\out-tsc\src\test.js.map
c:\Projects\MyWeb\WebApp\dist\out-tsc\src\environments\environment.prod.js
c:\Projects\MyWeb\WebApp\dist\out-tsc\src\environments\environment.prod.js.map
c:\Projects\MyWeb\WebApp\dist\out-tsc\src\app\app.component.spec.js
c:\Projects\MyWeb\WebApp\dist\out-tsc\src\app\app.component.spec.js.map
c:\Projects\MyWeb\WebApp\dist\out-tsc\src\app\weather-chart\weather-chart.component.spec.js
c:\Projects\MyWeb\WebApp\dist\out-tsc\src\app\weather-chart\weather-chart.component.spec.js.map
c:\Projects\MyWeb\WebApp\dist\out-tsc\src\app\live-weather\live-weather.component.spec.js
c:\Projects\MyWeb\WebApp\dist\out-tsc\src\app\live-weather\live-weather.component.spec.js.map
c:\Projects\MyWeb\WebApp\dist\out-tsc\src\app\json-grid\json-grid.component.spec.js
c:\Projects\MyWeb\WebApp\dist\out-tsc\src\app\json-grid\json-grid.component.spec.js.map
c:\Projects\MyWeb\WebApp\dist\out-tsc\src\app\dashboard\dashboard.component.spec.js
c:\Projects\MyWeb\WebApp\dist\out-tsc\src\app\dashboard\dashboard.component.spec.js.map
c:\Projects\MyWeb\WebApp\dist\out-tsc\src\app\classes\HiLows.js
c:\Projects\MyWeb\WebApp\dist\out-tsc\src\app\classes\HiLows.js.map
c:\Projects\MyWeb\WebApp\dist\out-tsc\src\app\automation\automation.component.spec.js
c:\Projects\MyWeb\WebApp\dist\out-tsc\src\app\automation\automation.component.spec.js.map
c:\Projects\MyWeb\WebApp\dist\out-tsc\e2e\app.po.js
c:\Projects\MyWeb\WebApp\dist\out-tsc\e2e\app.po.js.map
c:\Projects\MyWeb\WebApp\dist\out-tsc\e2e\app.e2e-spec.js
c:\Projects\MyWeb\WebApp\dist\out-tsc\e2e\app.e2e-spec.js.map
c:\Projects\MyWeb\WebApp\dist\out-tsc\src\app\app.component.js
c:\Projects\MyWeb\WebApp\dist\out-tsc\src\app\app.component.js.map
c:\Projects\MyWeb\WebApp\dist\out-tsc\src\app\classes\Archive.js
c:\Projects\MyWeb\WebApp\dist\out-tsc\src\app\classes\Archive.js.map
c:\Projects\MyWeb\WebApp\dist\out-tsc\src\app\services\weather.js
c:\Projects\MyWeb\WebApp\dist\out-tsc\src\app\services\weather.js.map
c:\Projects\MyWeb\WebApp\dist\out-tsc\src\app\classes\GraphSet.js
c:\Projects\MyWeb\WebApp\dist\out-tsc\src\app\classes\GraphSet.js.map
c:\Projects\MyWeb\WebApp\dist\out-tsc\src\app\weather-chart\weather-chart.component.js
c:\Projects\MyWeb\WebApp\dist\out-tsc\src\app\weather-chart\weather-chart.component.js.map
c:\Projects\MyWeb\WebApp\dist\out-tsc\src\app\classes\Current.js
c:\Projects\MyWeb\WebApp\dist\out-tsc\src\app\classes\Current.js.map
c:\Projects\MyWeb\WebApp\dist\out-tsc\src\app\live-weather\live-weather.component.js
c:\Projects\MyWeb\WebApp\dist\out-tsc\src\app\live-weather\live-weather.component.js.map
c:\Projects\MyWeb\WebApp\dist\out-tsc\src\app\services\utility.js
c:\Projects\MyWeb\WebApp\dist\out-tsc\src\app\services\utility.js.map
c:\Projects\MyWeb\WebApp\dist\out-tsc\src\app\json-grid\json-grid.component.js
c:\Projects\MyWeb\WebApp\dist\out-tsc\src\app\json-grid\json-grid.component.js.map
c:\Projects\MyWeb\WebApp\dist\out-tsc\src\app\dashboard\dashboard.component.js
c:\Projects\MyWeb\WebApp\dist\out-tsc\src\app\dashboard\dashboard.component.js.map
c:\Projects\MyWeb\WebApp\dist\out-tsc\src\app\automation\automation.component.js
c:\Projects\MyWeb\WebApp\dist\out-tsc\src\app\automation\automation.component.js.map
c:\Projects\MyWeb\WebApp\dist\out-tsc\src\app\app.module.js
c:\Projects\MyWeb\WebApp\dist\out-tsc\src\app\app.module.js.map
c:\Projects\MyWeb\WebApp\dist\out-tsc\src\environments\environment.js
c:\Projects\MyWeb\WebApp\dist\out-tsc\src\environments\environment.js.map
c:\Projects\MyWeb\WebApp\dist\out-tsc\src\main.js
c:\Projects\MyWeb\WebApp\dist\out-tsc\src\main.js.map
c:\Projects\MyWeb\WebApp\dist\out-tsc\src\polyfills.js
c:\Projects\MyWeb\WebApp\dist\out-tsc\src\polyfills.js.map
c:\Projects\MyWeb\WebApp\dist\out-tsc\src\test.js
c:\Projects\MyWeb\WebApp\dist\out-tsc\src\test.js.map
c:\Projects\MyWeb\WebApp\dist\out-tsc\src\environments\environment.prod.js
c:\Projects\MyWeb\WebApp\dist\out-tsc\src\environments\environment.prod.js.map
c:\Projects\MyWeb\WebApp\dist\out-tsc\src\app\app.component.spec.js
c:\Projects\MyWeb\WebApp\dist\out-tsc\src\app\app.component.spec.js.map
c:\Projects\MyWeb\WebApp\dist\out-tsc\src\app\weather-chart\weather-chart.component.spec.js
c:\Projects\MyWeb\WebApp\dist\out-tsc\src\app\weather-chart\weather-chart.component.spec.js.map
c:\Projects\MyWeb\WebApp\dist\out-tsc\src\app\live-weather\live-weather.component.spec.js
c:\Projects\MyWeb\WebApp\dist\out-tsc\src\app\live-weather\live-weather.component.spec.js.map
c:\Projects\MyWeb\WebApp\dist\out-tsc\src\app\json-grid\json-grid.component.spec.js
c:\Projects\MyWeb\WebApp\dist\out-tsc\src\app\json-grid\json-grid.component.spec.js.map
c:\Projects\MyWeb\WebApp\dist\out-tsc\src\app\dashboard\dashboard.component.spec.js
c:\Projects\MyWeb\WebApp\dist\out-tsc\src\app\dashboard\dashboard.component.spec.js.map
c:\Projects\MyWeb\WebApp\dist\out-tsc\src\app\classes\HiLows.js
c:\Projects\MyWeb\WebApp\dist\out-tsc\src\app\classes\HiLows.js.map
c:\Projects\MyWeb\WebApp\dist\out-tsc\src\app\automation\automation.component.spec.js
c:\Projects\MyWeb\WebApp\dist\out-tsc\src\app\automation\automation.component.spec.js.map
c:\Projects\MyWeb\WebApp\dist\out-tsc\e2e\app.po.js
c:\Projects\MyWeb\WebApp\dist\out-tsc\e2e\app.po.js.map
c:\Projects\MyWeb\WebApp\dist\out-tsc\e2e\app.e2e-spec.js
c:\Projects\MyWeb\WebApp\dist\out-tsc\e2e\app.e2e-spec.js.map
c:\Projects\MyWeb\WebApp\dist\out-tsc\src\app\app.component.js
c:\Projects\MyWeb\WebApp\dist\out-tsc\src\app\app.component.js.map
c:\Projects\MyWeb\WebApp\dist\out-tsc\src\app\classes\Archive.js
c:\Projects\MyWeb\WebApp\dist\out-tsc\src\app\classes\Archive.js.map
c:\Projects\MyWeb\WebApp\dist\out-tsc\src\app\services\weather.js
c:\Projects\MyWeb\WebApp\dist\out-tsc\src\app\services\weather.js.map
c:\Projects\MyWeb\WebApp\dist\out-tsc\src\app\classes\GraphSet.js
c:\Projects\MyWeb\WebApp\dist\out-tsc\src\app\classes\GraphSet.js.map
c:\Projects\MyWeb\WebApp\dist\out-tsc\src\app\weather-chart\weather-chart.component.js
c:\Projects\MyWeb\WebApp\dist\out-tsc\src\app\weather-chart\weather-chart.component.js.map
c:\Projects\MyWeb\WebApp\dist\out-tsc\src\app\classes\Current.js
c:\Projects\MyWeb\WebApp\dist\out-tsc\src\app\classes\Current.js.map
c:\Projects\MyWeb\WebApp\dist\out-tsc\src\app\live-weather\live-weather.component.js
c:\Projects\MyWeb\WebApp\dist\out-tsc\src\app\live-weather\live-weather.component.js.map
c:\Projects\MyWeb\WebApp\dist\out-tsc\src\app\services\utility.js
c:\Projects\MyWeb\WebApp\dist\out-tsc\src\app\services\utility.js.map
c:\Projects\MyWeb\WebApp\dist\out-tsc\src\app\json-grid\json-grid.component.js
c:\Projects\MyWeb\WebApp\dist\out-tsc\src\app\json-grid\json-grid.component.js.map
c:\Projects\MyWeb\WebApp\dist\out-tsc\src\app\dashboard\dashboard.component.js
c:\Projects\MyWeb\WebApp\dist\out-tsc\src\app\dashboard\dashboard.component.js.map
c:\Projects\MyWeb\WebApp\dist\out-tsc\src\app\automation\automation.component.js
c:\Projects\MyWeb\WebApp\dist\out-tsc\src\app\automation\automation.component.js.map
c:\Projects\MyWeb\WebApp\dist\out-tsc\src\app\app.module.js
c:\Projects\MyWeb\WebApp\dist\out-tsc\src\app\app.module.js.map
c:\Projects\MyWeb\WebApp\dist\out-tsc\src\environments\environment.js
c:\Projects\MyWeb\WebApp\dist\out-tsc\src\environments\environment.js.map
c:\Projects\MyWeb\WebApp\dist\out-tsc\src\main.js
c:\Projects\MyWeb\WebApp\dist\out-tsc\src\main.js.map
c:\Projects\MyWeb\WebApp\dist\out-tsc\src\polyfills.js
c:\Projects\MyWeb\WebApp\dist\out-tsc\src\polyfills.js.map
c:\Projects\MyWeb\WebApp\dist\out-tsc\src\test.js
c:\Projects\MyWeb\WebApp\dist\out-tsc\src\test.js.map
c:\Projects\MyWeb\WebApp\dist\out-tsc\src\environments\environment.prod.js
c:\Projects\MyWeb\WebApp\dist\out-tsc\src\environments\environment.prod.js.map
c:\Projects\MyWeb\WebApp\dist\out-tsc\src\app\app.component.spec.js
c:\Projects\MyWeb\WebApp\dist\out-tsc\src\app\app.component.spec.js.map
c:\Projects\MyWeb\WebApp\dist\out-tsc\src\app\weather-chart\weather-chart.component.spec.js
c:\Projects\MyWeb\WebApp\dist\out-tsc\src\app\weather-chart\weather-chart.component.spec.js.map
c:\Projects\MyWeb\WebApp\dist\out-tsc\src\app\live-weather\live-weather.component.spec.js
c:\Projects\MyWeb\WebApp\dist\out-tsc\src\app\live-weather\live-weather.component.spec.js.map
c:\Projects\MyWeb\WebApp\dist\out-tsc\src\app\json-grid\json-grid.component.spec.js
c:\Projects\MyWeb\WebApp\dist\out-tsc\src\app\json-grid\json-grid.component.spec.js.map
c:\Projects\MyWeb\WebApp\dist\out-tsc\src\app\dashboard\dashboard.component.spec.js
c:\Projects\MyWeb\WebApp\dist\out-tsc\src\app\dashboard\dashboard.component.spec.js.map
c:\Projects\MyWeb\WebApp\dist\out-tsc\src\app\classes\HiLows.js
c:\Projects\MyWeb\WebApp\dist\out-tsc\src\app\classes\HiLows.js.map
c:\Projects\MyWeb\WebApp\dist\out-tsc\src\app\automation\automation.component.spec.js
c:\Projects\MyWeb\WebApp\dist\out-tsc\src\app\automation\automation.component.spec.js.map
c:\Projects\MyWeb\WebApp\dist\out-tsc\e2e\app.po.js
c:\Projects\MyWeb\WebApp\dist\out-tsc\e2e\app.po.js.map
c:\Projects\MyWeb\WebApp\dist\out-tsc\e2e\app.e2e-spec.js
c:\Projects\MyWeb\WebApp\dist\out-tsc\e2e\app.e2e-spec.js.map
